2019-11-03 17:36:45,608 - Window - INFO - window setup! ready to rock!
2019-11-03 17:36:45,684 - Window - INFO - thread set up complete! ready to rock!
2019-11-03 17:36:45,684 - QThread - run - INFO - running qthread!
2019-11-03 17:36:45,685 - QThread - update - INFO - 1572773805.6850107
2019-11-03 17:36:45,885 - QThread - run - INFO - running qthread!
2019-11-03 17:36:45,886 - QThread - update - INFO - 1572773805.88626
2019-11-03 17:36:45,889 - Window - INFO - sine f is plotted!
2019-11-03 17:36:45,891 - Window - INFO - cosine f is plotted!
2019-11-03 17:36:45,894 - Window - INFO - tan f is plotted!
2019-11-03 17:36:46,088 - QThread - run - INFO - running qthread!
2019-11-03 17:36:46,088 - QThread - update - INFO - 1572773806.0886219
2019-11-03 17:36:46,090 - Window - INFO - sine f is plotted!
2019-11-03 17:36:46,091 - Window - INFO - cosine f is plotted!
2019-11-03 17:36:46,093 - Window - INFO - tan f is plotted!
2019-11-03 17:36:46,290 - QThread - run - INFO - running qthread!
2019-11-03 17:36:46,292 - QThread - update - INFO - 1572773806.292758
2019-11-03 17:36:46,292 - Window - INFO - sine f is plotted!
2019-11-03 17:36:46,295 - Window - INFO - cosine f is plotted!
2019-11-03 17:36:46,297 - Window - INFO - tan f is plotted!
2019-11-03 17:36:46,493 - QThread - run - INFO - running qthread!
2019-11-03 17:36:46,493 - QThread - update - INFO - 1572773806.4936953
2019-11-03 17:36:46,495 - Window - INFO - sine f is plotted!
2019-11-03 17:36:46,496 - Window - INFO - cosine f is plotted!
2019-11-03 17:36:46,498 - Window - INFO - tan f is plotted!
2019-11-03 17:36:46,694 - QThread - run - INFO - running qthread!
2019-11-03 17:36:46,694 - QThread - update - INFO - 1572773806.6948192
2019-11-03 17:36:46,696 - Window - INFO - sine f is plotted!
2019-11-03 17:36:46,698 - Window - INFO - cosine f is plotted!
2019-11-03 17:36:46,699 - Window - INFO - tan f is plotted!
2019-11-03 17:36:46,895 - QThread - run - INFO - running qthread!
2019-11-03 17:36:46,895 - QThread - update - INFO - 1572773806.8953612
2019-11-03 17:36:46,899 - Window - INFO - sine f is plotted!
2019-11-03 17:36:46,903 - Window - INFO - cosine f is plotted!
2019-11-03 17:36:46,907 - Window - INFO - tan f is plotted!
2019-11-03 17:36:47,096 - QThread - run - INFO - running qthread!
2019-11-03 17:36:47,096 - QThread - update - INFO - 1572773807.0968227
2019-11-03 17:36:47,099 - Window - INFO - sine f is plotted!
2019-11-03 17:36:47,102 - Window - INFO - cosine f is plotted!
2019-11-03 17:36:47,105 - Window - INFO - tan f is plotted!
2019-11-03 17:36:47,297 - QThread - run - INFO - running qthread!
2019-11-03 17:36:47,297 - QThread - update - INFO - 1572773807.2978082
2019-11-03 17:36:47,302 - Window - INFO - sine f is plotted!
2019-11-03 17:36:47,306 - Window - INFO - cosine f is plotted!
2019-11-03 17:36:47,309 - Window - INFO - tan f is plotted!
2019-11-03 17:36:47,499 - QThread - run - INFO - running qthread!
2019-11-03 17:36:47,501 - QThread - update - INFO - 1572773807.5012946
2019-11-03 17:36:47,508 - Window - INFO - sine f is plotted!
2019-11-03 17:36:47,515 - Window - INFO - cosine f is plotted!
2019-11-03 17:36:47,520 - Window - INFO - tan f is plotted!
2019-11-03 17:36:47,704 - QThread - run - INFO - running qthread!
2019-11-03 17:36:47,704 - QThread - update - INFO - 1572773807.7046974
2019-11-03 17:36:47,706 - Window - INFO - sine f is plotted!
2019-11-03 17:36:47,707 - Window - INFO - cosine f is plotted!
2019-11-03 17:36:47,709 - Window - INFO - tan f is plotted!
2019-11-03 17:36:47,908 - Window - INFO - sine f is plotted!
ad!
2019-11-03 17:36:48,059 - QThread - update - INFO - 1572773808.0588157
2019-11-03 17:36:48,067 - Window - INFO - cosine f is plotted!
2019-11-03 17:36:48,074 - Window - INFO - tan f is plotted!
2019-11-03 17:36:48,260 - QThread - run - INFO - running qthread!
2019-11-03 17:36:48,262 - QThread - update - INFO - 1572773808.2623317
2019-11-03 17:36:48,269 - Window - INFO - sine f is plotted!
2019-11-03 17:36:48,275 - Window - INFO - cosine f is plotted!
2019-11-03 17:36:48,280 - Window - INFO - tan f is plotted!
2019-11-03 17:36:48,462 - QThread - run - INFO - running qthread!
2019-11-03 17:36:48,464 - QThread - update - INFO - 1572773808.4647915
2019-11-03 17:36:48,469 - Window - INFO - sine f is plotted!
2019-11-03 17:36:48,471 - Window - INFO - cosine f is plotted!
2019-11-03 17:36:48,472 - Window - INFO - tan f is plotted!
2019-11-03 17:36:48,668 - QThread - run - INFO - running qthread!
2019-11-03 17:36:48,672 - QThread - update - INFO - 1572773808.6726232
2019-11-03 17:36:48,676 - Window - INFO - sine f is plotted!
2019-11-03 17:36:48,682 - Window - INFO - cosine f is plotted!
2019-11-03 17:36:48,686 - Window - INFO - tan f is plotted!
2019-11-03 17:36:48,873 - QThread - run - INFO - running qthread!
2019-11-03 17:36:48,873 - QThread - update - INFO - 1572773808.8730958
2019-11-03 17:36:48,875 - Window - INFO - sine f is plotted!
2019-11-03 17:36:48,877 - Window - INFO - cosine f is plotted!
2019-11-03 17:36:48,879 - Window - INFO - tan f is plotted!
2019-11-03 17:36:49,073 - QThread - run - INFO - running qthread!
2019-11-03 17:36:49,073 - QThread - update - INFO - 1572773809.0735543
2019-11-03 17:36:49,104 - Window - INFO - sine f is plotted!
2019-11-03 17:36:49,106 - Window - INFO - cosine f is plotted!
2019-11-03 17:36:49,107 - Window - INFO - tan f is plotted!
